Build started 3/8/2016 10:39:25 AM.
     1>Project "C:\Users\Carson\Documents\Carson\Programming\connect4\vs_connect4\con4_simple\Project1.vcxproj" on node 2 (Build target(s)).
     1>ClCompile:
         C:\Program Files (x86)\Microsoft Visual Studio 14.0\VC\bin\CL.exe /c /Zi /nologo /W3 /WX- /sdl /O2 /Oi /Oy- /GL /D _MBCS /Gm- /EHsc /MD /GS /Gy /fp:precise /Zc:wchar_t /Zc:forScope /Zc:inline /Fo"Release\\" /Fd"Release\vc140.pdb" /Gd /TP /analyze- /errorReport:prompt connect4.cpp
         connect4.cpp
     1>connect4.cpp(133): warning C4101: 'validMove': unreferenced local variable
     1>connect4.cpp(135): warning C4101: 'moveChoice': unreferenced local variable
     1>connect4.cpp(281): warning C4244: '+=': conversion from 'double' to 'int', possible loss of data
     1>connect4.cpp(283): warning C4244: '-=': conversion from 'double' to 'int', possible loss of data
     1>connect4.cpp(299): warning C4244: '+=': conversion from 'double' to 'int', possible loss of data
     1>connect4.cpp(301): warning C4244: '-=': conversion from 'double' to 'int', possible loss of data
     1>connect4.cpp(241): warning C4101: 'hTrap': unreferenced local variable
     1>connect4.cpp(241): warning C4101: 'vTrap': unreferenced local variable
       Link:
         C:\Program Files (x86)\Microsoft Visual Studio 14.0\VC\bin\link.exe /ERRORREPORT:PROMPT /OUT:"C:\Users\Carson\Documents\Carson\Programming\connect4\vs_connect4\Release\con4_simple.exe" /NOLOGO kernel32.lib user32.lib gdi32.lib winspool.lib comdlg32.lib advapi32.lib shell32.lib ole32.lib oleaut32.lib uuid.lib odbc32.lib odbccp32.lib /MANIFEST /MANIFESTUAC:"level='asInvoker' uiAccess='false'" /manifest:embed /Debug /PDB:"C:\Users\Carson\Documents\Carson\Programming\connect4\vs_connect4\Release\con4_simple.pdb" /OPT:REF /OPT:ICF /LTCG:incremental /TLBID:1 /DYNAMICBASE /NXCOMPAT /IMPLIB:"C:\Users\Carson\Documents\Carson\Programming\connect4\vs_connect4\Release\con4_simple.lib" /MACHINE:X86 /SAFESEH Release\connect4.obj
         Generating code
         All 43 functions were compiled because no usable IPDB/IOBJ from previous compilation was found.
         Finished generating code
         Project1.vcxproj -> C:\Users\Carson\Documents\Carson\Programming\connect4\vs_connect4\Release\con4_simple.exe
     1>Done Building Project "C:\Users\Carson\Documents\Carson\Programming\connect4\vs_connect4\con4_simple\Project1.vcxproj" (Build target(s)).

Build succeeded.

Time Elapsed 00:00:05.77
